<?xml version="1.0" encoding="UTF-8"?>
<!-- Generated by org.testng.reporters.JUnitReportReporter -->
<testsuite hostname="Manikanta_A" failures="0" tests="1" name="com.pantaloons.tests.Test004" time="20.053" errors="0" timestamp="17 Apr 2023 13:21:37 GMT" skipped="0">
  <testcase classname="com.pantaloons.tests.Test004" name="test4" time="20.053"/>
</testsuite> <!-- com.pantaloons.tests.Test004 -->
